<?xml version="1.0" encoding="UTF-8"?>
<!-- Generated by org.testng.reporters.JUnitReportReporter -->
<testsuite hostname="Win10-2-213" failures="0" tests="1" name="restassuredtestcases.DeleteRequest" time="1.082" errors="0" timestamp="2022-01-21T15:51:05 IST" skipped="0">
  <testcase classname="restassuredtestcases.DeleteRequest" name="testDeleteCreatedUser" time="1.082"/>
  <system-out/>
</testsuite> <!-- restassuredtestcases.DeleteRequest -->
