<?xml version="1.0" encoding="UTF-8"?>
<!-- Generated by org.testng.reporters.JUnitReportReporter -->
<testsuite hostname="Win10-2-213" failures="0" tests="2" name="restassuredtestcases.GetRequest" time="2.069" errors="0" timestamp="2022-01-21T15:51:05 IST" skipped="0">
  <testcase classname="restassuredtestcases.GetRequest" name="testSingleUser" time="1.030"/>
  <system-out/>
  <testcase classname="restassuredtestcases.GetRequest" name="testGestUserList" time="1.039"/>
  <system-out/>
</testsuite> <!-- restassuredtestcases.GetRequest -->
