<?xml version="1.0" encoding="UTF-8"?>
<!-- Generated by org.testng.reporters.JUnitReportReporter -->
<testsuite hostname="Win10-2-213" failures="0" tests="1" name="restassuredtestcases.EndToEndAPITest" time="11.661" errors="0" timestamp="2022-01-24T10:34:26 IST" skipped="0">
  <testcase classname="restassuredtestcases.EndToEndAPITest" name="validationOfCompleteFlow" time="11.661"/>
  <system-out/>
</testsuite> <!-- restassuredtestcases.EndToEndAPITest -->
