<?xml version="1.0" encoding="UTF-8"?>
<!-- Generated by org.testng.reporters.JUnitReportReporter -->
<testsuite hostname="Win10-2-213" failures="0" tests="1" name="restassuredtestcases.GetRequestSingleResourceNotFound" time="1.017" errors="0" timestamp="2022-01-21T15:51:05 IST" skipped="0">
  <testcase classname="restassuredtestcases.GetRequestSingleResourceNotFound" name="UserNotFound" time="1.017"/>
  <system-out/>
</testsuite> <!-- restassuredtestcases.GetRequestSingleResourceNotFound -->
