<?xml version="1.0" encoding="UTF-8"?>
<!-- Generated by org.testng.reporters.JUnitReportReporter -->
<testsuite hostname="Win10-2-213" failures="0" tests="2" name="restassuredtestcases.GetRequestCucumberStyle" time="5.060" errors="0" timestamp="2022-01-21T15:51:05 IST" skipped="0">
  <testcase classname="restassuredtestcases.GetRequestCucumberStyle" name="testValidateGuestUser" time="2.354"/>
  <system-out/>
  <testcase classname="restassuredtestcases.GetRequestCucumberStyle" name="testGetUserList" time="2.706"/>
  <system-out/>
</testsuite> <!-- restassuredtestcases.GetRequestCucumberStyle -->
